<?xml version="1.0" encoding="UTF-8"?>
<testsuite name="BallTest" tests="1" skipped="0" failures="0" errors="0" timestamp="2023-02-15T18:56:17" hostname="LAPTOP-CLR3Q565" time="0.297">
  <properties/>
  <testcase name="gameWinTest()" classname="BallTest" time="0.297"/>
  <system-out><![CDATA[]]></system-out>
  <system-err><![CDATA[]]></system-err>
</testsuite>
