<?xml version="1.0" encoding="UTF-8"?>
<testsuite name="BreakoutGameTest" tests="1" skipped="0" failures="0" errors="0" timestamp="2023-02-17T18:07:01" hostname="LAPTOP-CLR3Q565" time="0.446">
  <properties/>
  <testcase name="displayLoseLife()" classname="BreakoutGameTest" time="0.446"/>
  <system-out><![CDATA[]]></system-out>
  <system-err><![CDATA[]]></system-err>
</testsuite>
