<?xml version="1.0" encoding="UTF-8"?>
<testsuite name="BreakoutGameTest" tests="4" skipped="0" failures="0" errors="0" timestamp="2023-02-17T01:59:02" hostname="LAPTOP-CLR3Q565" time="0.609">
  <properties/>
  <testcase name="loseGame()" classname="BreakoutGameTest" time="0.441"/>
  <testcase name="livesDisplayLocation()" classname="BreakoutGameTest" time="0.03"/>
  <testcase name="loseGameLives()" classname="BreakoutGameTest" time="0.09"/>
  <testcase name="displayLoseLife()" classname="BreakoutGameTest" time="0.041"/>
  <system-out><![CDATA[Lives: 2
]]></system-out>
  <system-err><![CDATA[]]></system-err>
</testsuite>
