<?xml version="1.0" encoding="UTF-8"?>
<testsuite name="BreakoutGameTest" tests="1" skipped="0" failures="0" errors="0" timestamp="2023-02-16T23:01:39" hostname="LAPTOP-CLR3Q565" time="0.324">
  <properties/>
  <testcase name="loseGame()" classname="BreakoutGameTest" time="0.324"/>
  <system-out><![CDATA[]]></system-out>
  <system-err><![CDATA[]]></system-err>
</testsuite>
