<?xml version="1.0" encoding="UTF-8"?>
<testsuite name="BallTest" tests="1" skipped="0" failures="0" errors="0" timestamp="2023-02-13T18:56:01" hostname="LAPTOP-CLR3Q565" time="0.202">
  <properties/>
  <testcase name="gameWinTest()" classname="BallTest" time="0.202"/>
  <system-out><![CDATA[]]></system-out>
  <system-err><![CDATA[]]></system-err>
</testsuite>
